<?xml version="1.0" encoding="UTF-8"?>
<!-- Generated by org.testng.reporters.JUnitXMLReporter -->
<testsuite ignored="4" hostname="Reetas-MacBook-Air.local" failures="1" tests="34" name="AmazonFinalProjectTest1" time="0.078" errors="0" timestamp="2022-05-25T13:05:34 EDT">
  <testcase classname="TestCases.URLValidationTest" name="@BeforeTest BeforeTest" time="0.0">
    <failure type="java.lang.NullPointerException">
      <![CDATA[java.lang.NullPointerException
at BasePackage.DriverManager.setup(DriverManager.java:43)
at TestCases.URLValidationTest.BeforeTest(URLValidationTest.java:19)
... Removed 24 stack frames]]>
    </failure>
  </testcase> <!-- @BeforeTest BeforeTest -->
  <testcase classname="testBase.LaunchClass" name="@BeforeTest setup" time="0.001">
    <failure type="java.lang.NullPointerException">
      <![CDATA[java.lang.NullPointerException
at BasePackage.DriverManager.setup(DriverManager.java:43)
at testBase.LaunchClass.setup(LaunchClass.java:32)
... Removed 24 stack frames]]>
    </failure>
  </testcase> <!-- @BeforeTest setup -->
  <testcase classname="TestCases.CreateAWishListTest" name="@BeforeTest beforeTest" time="0.0">
    <skipped/>
  </testcase> <!-- @BeforeTest beforeTest -->
  <testcase classname="TestCases.SamsungPageTest" name="@BeforeTest beforeSuite" time="0.0">
    <skipped/>
  </testcase> <!-- @BeforeTest beforeSuite -->
  <testcase classname="TestCases.URLValidationTest" name="@AfterTest AfterTest" time="0.0">
    <skipped/>
  </testcase> <!-- @AfterTest AfterTest -->
  <testcase classname="testBase.LaunchClass" name="@AfterTest afterTest" time="0.0">
    <skipped/>
  </testcase> <!-- @AfterTest afterTest -->
  <testcase classname="TestCases.LoginValidationTest" name="Loginbutton" time="0.0">
    <skipped/>
  </testcase> <!-- Loginbutton -->
  <testcase classname="TestCases.LoginValidationTest" name="clickSubmit1" time="0.0">
    <skipped/>
  </testcase> <!-- clickSubmit1 -->
  <testcase classname="TestCases.SamsungPageTest" name="clickApplyTest" time="0.0">
    <skipped/>
  </testcase> <!-- clickApplyTest -->
  <testcase classname="TestCases.CreateAWishListTest" name="clickCreateWishLstTest" time="0.0">
    <skipped/>
  </testcase> <!-- clickCreateWishLstTest -->
  <testcase classname="TestCases.URLValidationTest" name="getTitle" time="0.0">
    <skipped/>
  </testcase> <!-- getTitle -->
  <testcase classname="TestCases.LoginValidationTest" name="clickSubmitTest" time="0.0">
    <skipped/>
  </testcase> <!-- clickSubmitTest -->
  <testcase classname="TestCases.SamsungPageTest" name="clickaddToCartTest" time="0.0">
    <skipped/>
  </testcase> <!-- clickaddToCartTest -->
  <testcase classname="TestCases.CreateAWishListTest" name="mousehoveractions" time="0.0">
    <skipped/>
  </testcase> <!-- mousehoveractions -->
  <testcase classname="TestCases.LoginValidationTest" name="clickaccAndLst1" time="0.0">
    <skipped/>
  </testcase> <!-- clickaccAndLst1 -->
  <testcase classname="TestCases.SamsungPageTest" name="clickcheckoutTest" time="0.0">
    <skipped/>
  </testcase> <!-- clickcheckoutTest -->
  <testcase classname="TestCases.CreateAWishListTest" name="clickSignInBtnTest" time="0.0">
    <skipped/>
  </testcase> <!-- clickSignInBtnTest -->
  <testcase classname="TestCases.LoginValidationTest" name="clickcontinueBtn1" time="0.0">
    <skipped/>
  </testcase> <!-- clickcontinueBtn1 -->
  <testcase classname="TestCases.LoginValidationTest" name="clickcontinueBtnTest" time="0.0">
    <skipped/>
  </testcase> <!-- clickcontinueBtnTest -->
  <testcase classname="TestCases.SamsungPageTest" name="clickdeliverylocation" time="0.0">
    <skipped/>
  </testcase> <!-- clickdeliverylocation -->
  <testcase classname="TestCases.CreateAWishListTest" name="sendKeysemailTest" time="0.0">
    <skipped/>
  </testcase> <!-- sendKeysemailTest -->
  <testcase classname="TestCases.CreateAWishListTest" name="sendKeyspasswordTest" time="0.0">
    <skipped/>
  </testcase> <!-- sendKeyspasswordTest -->
  <testcase classname="TestCases.CreateAWishListTest" name="clickSignInSubmitTest" time="0.0">
    <skipped/>
  </testcase> <!-- clickSignInSubmitTest -->
  <testcase classname="TestCases.LoginValidationTest" name="clicksignOutTest" time="0.0">
    <skipped/>
  </testcase> <!-- clicksignOutTest -->
  <testcase classname="TestCases.SamsungPageTest" name="sendKeyszipCode1Test" time="0.0">
    <skipped/>
  </testcase> <!-- sendKeyszipCode1Test -->
  <testcase classname="TestCases.LoginValidationTest" name="mouseHoverTest" time="0.0">
    <skipped/>
  </testcase> <!-- mouseHoverTest -->
  <testcase classname="TestCases.CreateAWishListTest" name="clickSelectproductTest" time="0.001">
    <skipped/>
  </testcase> <!-- clickSelectproductTest -->
  <testcase classname="TestCases.LoginValidationTest" name="sendkeysemail1" time="0.0">
    <failure type="org.testng.TestNGException" message="
Parameter &amp;apos;Invalidemail&amp;apos; is required by @Test on method sendkeysemail1 but has not been marked @Optional or defined
in /Users/reetasharma/Documents/AmazonTDD/testng.xml">
      <![CDATA[org.testng.TestNGException: 
Parameter 'Invalidemail' is required by @Test on method sendkeysemail1 but has not been marked @Optional or defined
in /Users/reetasharma/Documents/AmazonTDD/testng.xml
at java.base/java.util.concurrent.ThreadPoolExecutor.runWorker(ThreadPoolExecutor.java:1128)
at java.base/java.util.concurrent.ThreadPoolExecutor$Worker.run(ThreadPoolExecutor.java:628)
at java.base/java.lang.Thread.run(Thread.java:834)
... Removed 11 stack frames]]>
    </failure>
  </testcase> <!-- sendkeysemail1 -->
  <testcase classname="TestCases.SamsungPageTest" name="sendKeyszipCode2Test" time="0.001">
    <skipped/>
  </testcase> <!-- sendKeyszipCode2Test -->
  <testcase classname="TestCases.LoginValidationTest" name="sendkeysemailTest" time="0.0">
    <skipped/>
  </testcase> <!-- sendkeysemailTest -->
  <testcase classname="TestCases.CreateAWishListTest" name="clickBuyNowTest" time="0.0">
    <skipped/>
  </testcase> <!-- clickBuyNowTest -->
  <testcase classname="TestCases.LoginValidationTest" name="sendkeyspassword" time="0.0">
    <skipped/>
  </testcase> <!-- sendkeyspassword -->
  <testcase classname="TestCases.LoginValidationTest" name="sendkeyspassword1Test" time="0.0">
    <skipped/>
  </testcase> <!-- sendkeyspassword1Test -->
  <testcase classname="TestCases.SamsungPageTest" name="verifyPhonePrice" time="0.0">
    <skipped/>
  </testcase> <!-- verifyPhonePrice -->
  <testcase classname="TestCases.SamsungPageTest" name="sendKeysSearchbarTest" time="0.0">
    <skipped/>
  </testcase> <!-- sendKeysSearchbarTest -->
  <testcase classname="TestCases.SamsungPageTest" name="clicksubmitTest" time="0.0">
    <skipped/>
  </testcase> <!-- clicksubmitTest -->
  <testcase classname="TestCases.CreateAWishListTest" name="mousehoveractions2" time="0.0">
    <skipped/>
  </testcase> <!-- mousehoveractions2 -->
  <testcase classname="TestCases.SamsungPageTest" name="clickSelectPhoneTest" time="0.0">
    <skipped/>
  </testcase> <!-- clickSelectPhoneTest -->
  <testcase classname="TestCases.CreateAWishListTest" name="clickSignOutTest" time="0.0">
    <skipped/>
  </testcase> <!-- clickSignOutTest -->
  <testcase classname="TestCases.CreateAWishListTest" name="clicknewReleasesTest" time="0.0">
    <skipped/>
  </testcase> <!-- clicknewReleasesTest -->
  <testcase classname="testBase.LaunchClass" name="@BeforeTest setup" time="0.0">
    <ignored/>
  </testcase> <!-- @BeforeTest setup -->
  <testcase classname="testBase.LaunchClass" name="@AfterTest afterTest" time="0.0">
    <ignored/>
  </testcase> <!-- @AfterTest afterTest -->
  <testcase classname="testBase.LaunchClass" name="@AfterTest afterTest" time="0.0">
    <ignored/>
  </testcase> <!-- @AfterTest afterTest -->
  <testcase classname="testBase.LaunchClass" name="@BeforeTest setup" time="0.0">
    <ignored/>
  </testcase> <!-- @BeforeTest setup -->
</testsuite> <!-- AmazonFinalProjectTest1 -->
