<?xml version="1.0" encoding="UTF-8"?>
<!-- Generated by org.testng.reporters.JUnitReportReporter -->
<testsuite hostname="Reetas-MacBook-Air.local" failures="0" tests="25" name="TestCases.LoginValidationTest" time="0.001" errors="3" timestamp="2022-05-25T13:05:34 EDT" skipped="22">
  <testcase classname="TestCases.LoginValidationTest" name="sendkeyspassword1Test" time="0.000">
    <skipped/>
  </testcase> <!-- sendkeyspassword1Test -->
  <system-out/>
  <testcase classname="TestCases.LoginValidationTest" name="clickcontinueBtn1" time="0.000">
    <skipped/>
  </testcase> <!-- clickcontinueBtn1 -->
  <system-out/>
  <testcase classname="TestCases.LoginValidationTest" name="sendkeysemailTest" time="0.000">
    <skipped/>
  </testcase> <!-- sendkeysemailTest -->
  <system-out/>
  <testcase classname="TestCases.LoginValidationTest" name="clicksignOutTest" time="0.000">
    <skipped/>
  </testcase> <!-- clicksignOutTest -->
  <system-out/>
  <testcase classname="TestCases.LoginValidationTest" name="clickcontinueBtnTest" time="0.000">
    <skipped/>
  </testcase> <!-- clickcontinueBtnTest -->
  <system-out/>
  <testcase classname="TestCases.LoginValidationTest" name="clicksignOutTest" time="0.000">
    <skipped/>
  </testcase> <!-- clicksignOutTest -->
  <system-out/>
  <testcase classname="TestCases.LoginValidationTest" name="clickSubmit1" time="0.000">
    <skipped/>
  </testcase> <!-- clickSubmit1 -->
  <system-out/>
  <testcase classname="TestCases.LoginValidationTest" name="sendkeyspassword" time="0.000">
    <skipped/>
  </testcase> <!-- sendkeyspassword -->
  <system-out/>
  <testcase classname="TestCases.LoginValidationTest" name="clickaccAndLst1" time="0.000">
    <skipped/>
  </testcase> <!-- clickaccAndLst1 -->
  <system-out/>
  <testcase classname="TestCases.LoginValidationTest" name="sendkeyspassword" time="0.000">
    <skipped/>
  </testcase> <!-- sendkeyspassword -->
  <system-out/>
  <testcase classname="TestCases.LoginValidationTest" name="sendkeysemailTest" time="0.000">
    <skipped/>
  </testcase> <!-- sendkeysemailTest -->
  <system-out/>
  <testcase classname="TestCases.LoginValidationTest" name="sendkeysemail1" time="0.000">
    <error message="
Parameter &#039;Invalidemail&#039; is required by @Test on method sendkeysemail1 but has not been marked @Optional or defined
in /Users/reetasharma/Documents/AmazonTDD/testng.xml" type="org.testng.TestNGException">
      <![CDATA[org.testng.TestNGException: 
Parameter 'Invalidemail' is required by @Test on method sendkeysemail1 but has not been marked @Optional or defined
in /Users/reetasharma/Documents/AmazonTDD/testng.xml
at org.testng.internal.Parameters.createParams(Parameters.java:267)
at org.testng.internal.Parameters.createParametersForMethod(Parameters.java:355)
at org.testng.internal.Parameters.createParameters(Parameters.java:660)
at org.testng.internal.Parameters.handleParameters(Parameters.java:856)
at org.testng.internal.Parameters.handleParameters(Parameters.java:704)
at org.testng.internal.invokers.ParameterHandler.handleParameters(ParameterHandler.java:70)
at org.testng.internal.invokers.ParameterHandler.createParameters(ParameterHandler.java:49)
at org.testng.internal.invokers.TestInvoker$MethodInvocationAgent.invoke(TestInvoker.java:904)
at org.testng.internal.invokers.TestInvoker.invokeTestMethods(TestInvoker.java:193)
at org.testng.internal.invokers.TestMethodWorker.invokeTestMethods(TestMethodWorker.java:146)
at org.testng.internal.invokers.TestMethodWorker.run(TestMethodWorker.java:128)
at java.base/java.util.concurrent.ThreadPoolExecutor.runWorker(ThreadPoolExecutor.java:1128)
at java.base/java.util.concurrent.ThreadPoolExecutor$Worker.run(ThreadPoolExecutor.java:628)
at java.base/java.lang.Thread.run(Thread.java:834)
]]>
    </error>
  </testcase> <!-- sendkeysemail1 -->
  <system-out/>
  <testcase classname="TestCases.LoginValidationTest" name="mouseHoverTest" time="0.000">
    <skipped/>
  </testcase> <!-- mouseHoverTest -->
  <system-out/>
  <testcase classname="TestCases.LoginValidationTest" name="sendkeyspassword1Test" time="0.000">
    <skipped/>
  </testcase> <!-- sendkeyspassword1Test -->
  <system-out/>
  <testcase classname="TestCases.LoginValidationTest" name="mouseHoverTest" time="0.000">
    <skipped/>
  </testcase> <!-- mouseHoverTest -->
  <system-out/>
  <testcase classname="TestCases.LoginValidationTest" name="clickaccAndLst1" time="0.000">
    <skipped/>
  </testcase> <!-- clickaccAndLst1 -->
  <system-out/>
  <testcase classname="TestCases.LoginValidationTest" name="clickcontinueBtnTest" time="0.000">
    <skipped/>
  </testcase> <!-- clickcontinueBtnTest -->
  <system-out/>
  <testcase classname="TestCases.LoginValidationTest" name="sendkeysemail1" time="0.000">
    <error message="
Parameter &#039;Invalidemail&#039; is required by @Test on method sendkeysemail1 but has not been marked @Optional or defined
in /Users/reetasharma/Documents/AmazonTDD/testng.xml" type="org.testng.TestNGException">
      <![CDATA[org.testng.TestNGException: 
Parameter 'Invalidemail' is required by @Test on method sendkeysemail1 but has not been marked @Optional or defined
in /Users/reetasharma/Documents/AmazonTDD/testng.xml
at org.testng.internal.Parameters.createParams(Parameters.java:267)
at org.testng.internal.Parameters.createParametersForMethod(Parameters.java:355)
at org.testng.internal.Parameters.createParameters(Parameters.java:660)
at org.testng.internal.Parameters.handleParameters(Parameters.java:856)
at org.testng.internal.Parameters.handleParameters(Parameters.java:704)
at org.testng.internal.invokers.ParameterHandler.handleParameters(ParameterHandler.java:70)
at org.testng.internal.invokers.ParameterHandler.createParameters(ParameterHandler.java:49)
at org.testng.internal.invokers.TestInvoker$MethodInvocationAgent.invoke(TestInvoker.java:904)
at org.testng.internal.invokers.TestInvoker.invokeTestMethods(TestInvoker.java:193)
at org.testng.internal.invokers.TestMethodWorker.invokeTestMethods(TestMethodWorker.java:146)
at org.testng.internal.invokers.TestMethodWorker.run(TestMethodWorker.java:128)
at java.base/java.util.concurrent.ThreadPoolExecutor.runWorker(ThreadPoolExecutor.java:1128)
at java.base/java.util.concurrent.ThreadPoolExecutor$Worker.run(ThreadPoolExecutor.java:628)
at java.base/java.lang.Thread.run(Thread.java:834)
]]>
    </error>
  </testcase> <!-- sendkeysemail1 -->
  <system-out/>
  <testcase classname="TestCases.LoginValidationTest" name="afterclass" time="0.000">
    <error type="java.lang.NullPointerException">
      <![CDATA[java.lang.NullPointerException
at TestCases.LoginValidationTest.afterclass(LoginValidationTest.java:118)
at java.base/jdk.internal.reflect.NativeMethodAccessorImpl.invoke0(Native Method)
at java.base/jdk.internal.reflect.NativeMethodAccessorImpl.invoke(NativeMethodAccessorImpl.java:62)
at java.base/jdk.internal.reflect.DelegatingMethodAccessorImpl.invoke(DelegatingMethodAccessorImpl.java:43)
at java.base/java.lang.reflect.Method.invoke(Method.java:566)
at org.testng.internal.invokers.MethodInvocationHelper.invokeMethod(MethodInvocationHelper.java:135)
at org.testng.internal.invokers.MethodInvocationHelper.invokeMethodConsideringTimeout(MethodInvocationHelper.java:65)
at org.testng.internal.invokers.ConfigInvoker.invokeConfigurationMethod(ConfigInvoker.java:381)
at org.testng.internal.invokers.ConfigInvoker.invokeConfigurations(ConfigInvoker.java:319)
at org.testng.SuiteRunner.privateRun(SuiteRunner.java:396)
at org.testng.SuiteRunner.run(SuiteRunner.java:326)
at org.testng.SuiteRunnerWorker.runSuite(SuiteRunnerWorker.java:52)
at org.testng.SuiteRunnerWorker.run(SuiteRunnerWorker.java:95)
at org.testng.TestNG.runSuitesSequentially(TestNG.java:1249)
at org.testng.TestNG.runSuitesLocally(TestNG.java:1169)
at org.testng.TestNG.runSuites(TestNG.java:1092)
at org.testng.TestNG.run(TestNG.java:1060)
at org.testng.remote.AbstractRemoteTestNG.run(AbstractRemoteTestNG.java:115)
at org.testng.remote.RemoteTestNG.initAndRun(RemoteTestNG.java:251)
at org.testng.remote.RemoteTestNG.main(RemoteTestNG.java:77)
]]>
    </error>
  </testcase> <!-- afterclass -->
  <system-out/>
  <testcase classname="TestCases.LoginValidationTest" name="clickSubmitTest" time="0.000">
    <skipped/>
  </testcase> <!-- clickSubmitTest -->
  <system-out/>
  <testcase classname="TestCases.LoginValidationTest" name="Loginbutton" time="0.000">
    <skipped/>
  </testcase> <!-- Loginbutton -->
  <system-out/>
  <testcase classname="TestCases.LoginValidationTest" name="clickcontinueBtn1" time="0.000">
    <skipped/>
  </testcase> <!-- clickcontinueBtn1 -->
  <system-out/>
  <testcase classname="TestCases.LoginValidationTest" name="Loginbutton" time="0.001">
    <skipped/>
  </testcase> <!-- Loginbutton -->
  <system-out/>
  <testcase classname="TestCases.LoginValidationTest" name="clickSubmitTest" time="0.000">
    <skipped/>
  </testcase> <!-- clickSubmitTest -->
  <system-out/>
  <testcase classname="TestCases.LoginValidationTest" name="clickSubmit1" time="0.000">
    <skipped/>
  </testcase> <!-- clickSubmit1 -->
  <system-out/>
</testsuite> <!-- TestCases.LoginValidationTest -->
