<?xml version="1.0" encoding="UTF-8"?>
<!-- Generated by org.testng.reporters.JUnitReportReporter -->
<testsuite hostname="Reetas-MacBook-Air.local" failures="0" tests="24" name="TestCases.CreateAWishListTest" time="0.005" errors="2" timestamp="2022-05-25T13:05:34 EDT" skipped="22">
  <testcase classname="TestCases.CreateAWishListTest" name="setup" time="0.001">
    <error type="java.lang.NullPointerException">
      <![CDATA[java.lang.NullPointerException
at BasePackage.DriverManager.setup(DriverManager.java:43)
at testBase.LaunchClass.setup(LaunchClass.java:32)
at java.base/jdk.internal.reflect.NativeMethodAccessorImpl.invoke0(Native Method)
at java.base/jdk.internal.reflect.NativeMethodAccessorImpl.invoke(NativeMethodAccessorImpl.java:62)
at java.base/jdk.internal.reflect.DelegatingMethodAccessorImpl.invoke(DelegatingMethodAccessorImpl.java:43)
at java.base/java.lang.reflect.Method.invoke(Method.java:566)
at org.testng.internal.invokers.MethodInvocationHelper.invokeMethod(MethodInvocationHelper.java:135)
at org.testng.internal.invokers.MethodInvocationHelper.invokeMethodConsideringTimeout(MethodInvocationHelper.java:65)
at org.testng.internal.invokers.ConfigInvoker.invokeConfigurationMethod(ConfigInvoker.java:381)
at org.testng.internal.invokers.ConfigInvoker.invokeConfigurations(ConfigInvoker.java:319)
at org.testng.TestRunner.invokeTestConfigurations(TestRunner.java:645)
at org.testng.TestRunner.beforeRun(TestRunner.java:634)
at org.testng.TestRunner.run(TestRunner.java:596)
at org.testng.SuiteRunner.runTest(SuiteRunner.java:429)
at org.testng.SuiteRunner.runSequentially(SuiteRunner.java:423)
at org.testng.SuiteRunner.privateRun(SuiteRunner.java:383)
at org.testng.SuiteRunner.run(SuiteRunner.java:326)
at org.testng.SuiteRunnerWorker.runSuite(SuiteRunnerWorker.java:52)
at org.testng.SuiteRunnerWorker.run(SuiteRunnerWorker.java:95)
at org.testng.TestNG.runSuitesSequentially(TestNG.java:1249)
at org.testng.TestNG.runSuitesLocally(TestNG.java:1169)
at org.testng.TestNG.runSuites(TestNG.java:1092)
at org.testng.TestNG.run(TestNG.java:1060)
at org.testng.remote.AbstractRemoteTestNG.run(AbstractRemoteTestNG.java:115)
at org.testng.remote.RemoteTestNG.initAndRun(RemoteTestNG.java:251)
at org.testng.remote.RemoteTestNG.main(RemoteTestNG.java:77)
]]>
    </error>
  </testcase> <!-- setup -->
  <system-out/>
  <testcase classname="TestCases.CreateAWishListTest" name="setup" time="0.000">
    <error type="java.lang.NullPointerException">
      <![CDATA[java.lang.NullPointerException
at BasePackage.DriverManager.setup(DriverManager.java:43)
at testBase.LaunchClass.setup(LaunchClass.java:32)
at java.base/jdk.internal.reflect.NativeMethodAccessorImpl.invoke0(Native Method)
at java.base/jdk.internal.reflect.NativeMethodAccessorImpl.invoke(NativeMethodAccessorImpl.java:62)
at java.base/jdk.internal.reflect.DelegatingMethodAccessorImpl.invoke(DelegatingMethodAccessorImpl.java:43)
at java.base/java.lang.reflect.Method.invoke(Method.java:566)
at org.testng.internal.invokers.MethodInvocationHelper.invokeMethod(MethodInvocationHelper.java:135)
at org.testng.internal.invokers.MethodInvocationHelper.invokeMethodConsideringTimeout(MethodInvocationHelper.java:65)
at org.testng.internal.invokers.ConfigInvoker.invokeConfigurationMethod(ConfigInvoker.java:381)
at org.testng.internal.invokers.ConfigInvoker.invokeConfigurations(ConfigInvoker.java:319)
at org.testng.TestRunner.invokeTestConfigurations(TestRunner.java:645)
at org.testng.TestRunner.beforeRun(TestRunner.java:634)
at org.testng.TestRunner.run(TestRunner.java:596)
at org.testng.SuiteRunner.runTest(SuiteRunner.java:429)
at org.testng.SuiteRunner.runSequentially(SuiteRunner.java:423)
at org.testng.SuiteRunner.privateRun(SuiteRunner.java:383)
at org.testng.SuiteRunner.run(SuiteRunner.java:326)
at org.testng.SuiteRunnerWorker.runSuite(SuiteRunnerWorker.java:52)
at org.testng.SuiteRunnerWorker.run(SuiteRunnerWorker.java:95)
at org.testng.TestNG.runSuitesSequentially(TestNG.java:1249)
at org.testng.TestNG.runSuitesLocally(TestNG.java:1169)
at org.testng.TestNG.runSuites(TestNG.java:1092)
at org.testng.TestNG.run(TestNG.java:1060)
at org.testng.remote.AbstractRemoteTestNG.run(AbstractRemoteTestNG.java:115)
at org.testng.remote.RemoteTestNG.initAndRun(RemoteTestNG.java:251)
at org.testng.remote.RemoteTestNG.main(RemoteTestNG.java:77)
]]>
    </error>
  </testcase> <!-- setup -->
  <system-out/>
  <testcase classname="TestCases.CreateAWishListTest" name="clickCreateWishLstTest" time="0.000">
    <skipped/>
  </testcase> <!-- clickCreateWishLstTest -->
  <system-out/>
  <testcase classname="TestCases.CreateAWishListTest" name="mousehoveractions" time="0.000">
    <skipped/>
  </testcase> <!-- mousehoveractions -->
  <system-out/>
  <testcase classname="TestCases.CreateAWishListTest" name="clickCreateWishLstTest" time="0.001">
    <skipped/>
  </testcase> <!-- clickCreateWishLstTest -->
  <system-out/>
  <testcase classname="TestCases.CreateAWishListTest" name="mousehoveractions" time="0.000">
    <skipped/>
  </testcase> <!-- mousehoveractions -->
  <system-out/>
  <testcase classname="TestCases.CreateAWishListTest" name="clickSignInBtnTest" time="0.000">
    <skipped/>
  </testcase> <!-- clickSignInBtnTest -->
  <system-out/>
  <testcase classname="TestCases.CreateAWishListTest" name="clickSignInBtnTest" time="0.000">
    <skipped/>
  </testcase> <!-- clickSignInBtnTest -->
  <system-out/>
  <testcase classname="TestCases.CreateAWishListTest" name="sendKeysemailTest" time="0.000">
    <skipped/>
  </testcase> <!-- sendKeysemailTest -->
  <system-out/>
  <testcase classname="TestCases.CreateAWishListTest" name="sendKeysemailTest" time="0.000">
    <skipped/>
  </testcase> <!-- sendKeysemailTest -->
  <system-out/>
  <testcase classname="TestCases.CreateAWishListTest" name="sendKeyspasswordTest" time="0.000">
    <skipped/>
  </testcase> <!-- sendKeyspasswordTest -->
  <system-out/>
  <testcase classname="TestCases.CreateAWishListTest" name="sendKeyspasswordTest" time="0.000">
    <skipped/>
  </testcase> <!-- sendKeyspasswordTest -->
  <system-out/>
  <testcase classname="TestCases.CreateAWishListTest" name="clickSignInSubmitTest" time="0.000">
    <skipped/>
  </testcase> <!-- clickSignInSubmitTest -->
  <system-out/>
  <testcase classname="TestCases.CreateAWishListTest" name="clickSignInSubmitTest" time="0.000">
    <skipped/>
  </testcase> <!-- clickSignInSubmitTest -->
  <system-out/>
  <testcase classname="TestCases.CreateAWishListTest" name="clickSelectproductTest" time="0.000">
    <skipped/>
  </testcase> <!-- clickSelectproductTest -->
  <system-out/>
  <testcase classname="TestCases.CreateAWishListTest" name="clickSelectproductTest" time="0.001">
    <skipped/>
  </testcase> <!-- clickSelectproductTest -->
  <system-out/>
  <testcase classname="TestCases.CreateAWishListTest" name="clickBuyNowTest" time="0.000">
    <skipped/>
  </testcase> <!-- clickBuyNowTest -->
  <system-out/>
  <testcase classname="TestCases.CreateAWishListTest" name="clickBuyNowTest" time="0.000">
    <skipped/>
  </testcase> <!-- clickBuyNowTest -->
  <system-out/>
  <testcase classname="TestCases.CreateAWishListTest" name="mousehoveractions2" time="0.001">
    <skipped/>
  </testcase> <!-- mousehoveractions2 -->
  <system-out/>
  <testcase classname="TestCases.CreateAWishListTest" name="mousehoveractions2" time="0.000">
    <skipped/>
  </testcase> <!-- mousehoveractions2 -->
  <system-out/>
  <testcase classname="TestCases.CreateAWishListTest" name="clickSignOutTest" time="0.000">
    <skipped/>
  </testcase> <!-- clickSignOutTest -->
  <system-out/>
  <testcase classname="TestCases.CreateAWishListTest" name="clickSignOutTest" time="0.001">
    <skipped/>
  </testcase> <!-- clickSignOutTest -->
  <system-out/>
  <testcase classname="TestCases.CreateAWishListTest" name="clicknewReleasesTest" time="0.000">
    <skipped/>
  </testcase> <!-- clicknewReleasesTest -->
  <system-out/>
  <testcase classname="TestCases.CreateAWishListTest" name="clicknewReleasesTest" time="0.000">
    <skipped/>
  </testcase> <!-- clicknewReleasesTest -->
  <system-out/>
</testsuite> <!-- TestCases.CreateAWishListTest -->
